<?xml version="1.0" encoding="UTF-8"?>
<!-- Generated by org.testng.reporters.JUnitReportReporter -->
<testsuite hostname="IT" failures="0" tests="3" name="SeleniumProject.selenium_login_automation.LoginTest" time="83.788" errors="0" timestamp="2025-09-08T15:35:48 IST" skipped="0">
  <testcase classname="SeleniumProject.selenium_login_automation.LoginTest" name="testInvalidLogin" time="40.650"/>
  <testcase classname="SeleniumProject.selenium_login_automation.LoginTest" name="testValidLogin" time="4.401"/>
  <testcase classname="SeleniumProject.selenium_login_automation.LoginTest" name="testEmptyFields" time="38.737"/>
</testsuite> <!-- SeleniumProject.selenium_login_automation.LoginTest -->
